<?xml version="1.0" encoding="UTF-8"?>
<!-- Generated by org.testng.reporters.JUnitReportReporter -->
<testsuite skipped="0" hostname="Guest298" name="jenkinsDemo.Demotestng" tests="1" failures="0" timestamp="20 Mar 2019 09:30:08 GMT" time="31.955" errors="0">
  <testcase name="testjenkins" time="31.955" classname="jenkinsDemo.Demotestng"/>
</testsuite> <!-- jenkinsDemo.Demotestng -->
